<?xml version="1.0" encoding="UTF-8"?>
<testsuites name="Mocha Tests" time="0.9990" tests="3" failures="0">
  <testsuite name="Root Suite" timestamp="2020-04-13T00:46:29" tests="0" time="0.0000" failures="0">
  </testsuite>
  <testsuite name="models/index" timestamp="2020-04-13T00:46:29" tests="2" file="/home/sdouser/sdd/assignment1/assessment1/assessment1/src/test/unit/index.test.js" time="0.9770" failures="0">
    <testcase name="models/index returns the task model" time="0.9760" classname="returns the task model">
    </testcase>
    <testcase name="models/index returns the user model" time="0.0010" classname="returns the user model">
    </testcase>
  </testsuite>
  <testsuite name="models/task" timestamp="2020-04-13T00:46:30" tests="0" file="/home/sdouser/sdd/assignment1/assessment1/assessment1/src/test/unit/task.test.js" time="0.0000" failures="0">
  </testsuite>
  <testsuite name="create" timestamp="2020-04-13T00:46:30" tests="1" file="/home/sdouser/sdd/assignment1/assessment1/assessment1/src/test/unit/task.test.js" time="0.0220" failures="0">
    <testcase name="models/task create creates a task" time="0.0220" classname="creates a task">
    </testcase>
  </testsuite>
</testsuites>